<?xml version="1.0" encoding="UTF-8"?>
<!-- Generated by org.testng.reporters.JUnitReportReporter -->
<testsuite name="test" tests="2" time="0.003" ignored="0" failures="0" timestamp="23 мар 2017 08:35:02 GMT" skipped="0" hostname="mbl-kiev-014" errors="0">
  <testcase name="secondTest" time="0.002" classname="test"/>
  <testcase name="second2Test" time="0.001" classname="test"/>
</testsuite> <!-- test -->
