<?xml version="1.0" encoding="UTF-8"?>
<!-- Generated by org.testng.reporters.JUnitReportReporter -->
<testsuite name="test2" tests="2" time="0.007" ignored="0" failures="0" timestamp="23 мар 2017 08:35:02 GMT" skipped="0" hostname="mbl-kiev-014" errors="0">
  <testcase name="secondTest" time="0.003" classname="test2"/>
  <testcase name="second2Test" time="0.004" classname="test2"/>
</testsuite> <!-- test2 -->
