<?xml version="1.0" encoding="UTF-8"?>
<!-- Generated by org.testng.reporters.JUnitReportReporter -->
<testsuite name="test" tests="2" time="0.002" ignored="0" failures="0" timestamp="14 мар 2017 18:16:37 GMT" skipped="0" hostname="Room3-8-PC" errors="0">
  <testcase name="second2Test" time="0.001" classname="test"/>
  <testcase name="secondTest" time="0.001" classname="test"/>
</testsuite> <!-- test -->
